<?xml version="1.0" encoding="UTF-8"?>
<!-- Generated by org.testng.reporters.JUnitXMLReporter -->
<testsuite hostname="chenxjMacBook-Pro.local" name="TestNgMavenTest" tests="2" failures="0" timestamp="1 Jun 2017 09:40:41 GMT" time="0.022" errors="0">
  <testcase name="exampleOfTestNgMaven" time="0.008" classname="com.javacodegeeks.testng.maven.testngMaven.TestNgMavenExampleTest"/>
  <testcase name="oneMoreTest" time="0.0" classname="com.javacodegeeks.testng.maven.testngMaven.TestNgMavenSecond"/>
</testsuite> <!-- TestNgMavenTest -->
