<?xml version="1.0" encoding="UTF-8"?>
<testng-results skipped="0" failed="0" total="2" passed="2">
  <reporter-output>
  </reporter-output>
  <suite name="TestNgMavenExampleSuite" duration-ms="22" started-at="2017-06-01T09:40:41Z" finished-at="2017-06-01T09:40:41Z">
    <groups>
    </groups>
    <test name="TestNgMavenTest" duration-ms="22" started-at="2017-06-01T09:40:41Z" finished-at="2017-06-01T09:40:41Z">
      <class name="com.javacodegeeks.testng.maven.testngMaven.TestNgMavenExampleTest">
        <test-method status="PASS" signature="exampleOfTestNgMaven()[pri:0, instance:com.javacodegeeks.testng.maven.testngMaven.TestNgMavenExampleTest@2ef5e5e3]" name="exampleOfTestNgMaven" duration-ms="8" started-at="2017-06-01T17:40:41Z" finished-at="2017-06-01T17:40:41Z">
          <reporter-output>
          </reporter-output>
        </test-method> <!-- exampleOfTestNgMaven -->
      </class> <!-- com.javacodegeeks.testng.maven.testngMaven.TestNgMavenExampleTest -->
      <class name="com.javacodegeeks.testng.maven.testngMaven.TestNgMavenSecond">
        <test-method status="PASS" signature="oneMoreTest()[pri:0, instance:com.javacodegeeks.testng.maven.testngMaven.TestNgMavenSecond@7c16905e]" name="oneMoreTest" duration-ms="0" started-at="2017-06-01T17:40:41Z" finished-at="2017-06-01T17:40:41Z">
          <reporter-output>
          </reporter-output>
        </test-method> <!-- oneMoreTest -->
      </class> <!-- com.javacodegeeks.testng.maven.testngMaven.TestNgMavenSecond -->
    </test> <!-- TestNgMavenTest -->
  </suite> <!-- TestNgMavenExampleSuite -->
</testng-results>
